<?xml version="1.0" encoding="UTF-8" ?>
<testsuite errors="0" failures="0" hostname="localhost" name="com.example.simple.SimpleTest" tests="3" time="0.04" timestamp="2012-01-30T15:33:47">
  <properties>
[...]
</properties>
  <testcase classname="com.example.simple.SimpleTest" name="testSquare" time="0.001" />
  <testcase classname="com.example.simple.SimpleTest" name="testF" time="0.001" />
  <testcase classname="com.example.simple.SimpleTest" name="testSum" time="0.0" />
  <system-out><![CDATA[]]></system-out>
  <system-err><![CDATA[]]></system-err>
</testsuite>
