<?xml version="1.0" encoding="UTF-8" ?>
<testsuites>
  <testsuite errors="0" failures="0" hostname="localhost" id="0" name="CoverpageHelperTest" package="test" tests="3" time="0.112" timestamp="2012-02-06T16:07:55">
      <properties>
[...]
</properties>

      <testcase classname="test.CoverpageHelperTest" name="testSetDiskPathInput" time="0.007" />

      <testcase classname="test.CoverpageHelperTest" name="testSetDiskPathOutput" time="0.001" />

      <testcase classname="test.CoverpageHelperTest" name="testLoadData" time="0.042" />

      <system-out><![CDATA[]]></system-out>

      <system-err><![CDATA[]]></system-err>

  </testsuite>
</testsuites>
